0 info it worked if it ends with ok
1 verbose cli [ '/home/jh/.npm-packages/bin/node',
1 verbose cli   '/home/jh/.npm-packages/bin/npm',
1 verbose cli   'run',
1 verbose cli   'dist' ]
2 info using npm@3.10.9
3 info using node@v6.9.1
4 verbose stack Error: missing script: dist
4 verbose stack     at run (/home/jh/.npm-packages/lib/node_modules/npm/lib/run-script.js:151:19)
4 verbose stack     at /home/jh/.npm-packages/lib/node_modules/npm/lib/run-script.js:61:5
4 verbose stack     at /home/jh/.npm-packages/lib/node_modules/npm/node_modules/read-package-json/read-json.js:356:5
4 verbose stack     at checkBinReferences_ (/home/jh/.npm-packages/lib/node_modules/npm/node_modules/read-package-json/read-json.js:320:45)
4 verbose stack     at final (/home/jh/.npm-packages/lib/node_modules/npm/node_modules/read-package-json/read-json.js:354:3)
4 verbose stack     at then (/home/jh/.npm-packages/lib/node_modules/npm/node_modules/read-package-json/read-json.js:124:5)
4 verbose stack     at /home/jh/.npm-packages/lib/node_modules/npm/node_modules/read-package-json/read-json.js:243:12
4 verbose stack     at /home/jh/.npm-packages/lib/node_modules/npm/node_modules/graceful-fs/graceful-fs.js:78:16
4 verbose stack     at tryToString (fs.js:455:3)
4 verbose stack     at FSReqWrap.readFileAfterClose [as oncomplete] (fs.js:442:12)
5 verbose cwd /home/jh/Downloads/work/angular1-materialize/demo
6 error Linux 3.8.11
7 error argv "/home/jh/.npm-packages/bin/node" "/home/jh/.npm-packages/bin/npm" "run" "dist"
8 error node v6.9.1
9 error npm  v3.10.9
10 error missing script: dist
11 error If you need help, you may report this error at:
11 error     <https://github.com/npm/npm/issues>
12 verbose exit [ 1, true ]
